MIF/HEX Update report for SCOMP
Tue Apr 19 21:22:27 2022
Quartus Prime Version 19.1.0 Build 670 09/22/2019 SJ Lite Edition


---------------------
; Table of Contents ;
---------------------
  1. Legal Notice
  2. MIF/HEX Update Summary
  3. MIF/HEX Update Processed Files
  4. MIF/HEX Update Messages



----------------
; Legal Notice ;
----------------
Copyright (C) 2019  Intel Corporation. All rights reserved.
Your use of Intel Corporation's design tools, logic functions 
and other software and tools, and any partner logic 
functions, and any output files from any of the foregoing 
(including device programming or simulation files), and any 
associated documentation or information are expressly subject 
to the terms and conditions of the Intel Program License 
Subscription Agreement, the Intel Quartus Prime License Agreement,
the Intel FPGA IP License Agreement, or other applicable license
agreement, including, without limitation, that your use is for
the sole purpose of programming logic devices manufactured by
Intel and sold by Intel or its authorized distributors.  Please
refer to the applicable agreement for further details, at
https://fpgasoftware.intel.com/eula.



+---------------------------------------------------------------+
; MIF/HEX Update Summary                                        ;
+-----------------------+---------------------------------------+
; MIF/HEX Update Status ; Successful - Tue Apr 19 21:22:27 2022 ;
; Revision Name         ; SCOMP                                 ;
; Top-level Entity Name ; SCOMP_System                          ;
; Family                ; Cyclone V                             ;
; Device                ; 5CSXFC6D6F31C6                        ;
+-----------------------+---------------------------------------+


+------------------------------------------------------------------------------------------------------------------------+
; MIF/HEX Update Processed Files                                                                                         ;
+------------------------------------------------------------------------------------------------------------------------+
; File Name                                                                                                              ;
+------------------------------------------------------------------------------------------------------------------------+
; P:/CodingPrograms/codingprojects/School Projects/ECE 2031/finalProjectLatest/ece2031/SCOMP_Project_spr22/pixeldata.mif ;
; P:/CodingPrograms/codingprojects/School Projects/ECE 2031/finalProjectLatest/ece2031/SCOMP_Project_spr22/testBase.mif  ;
+------------------------------------------------------------------------------------------------------------------------+


+-------------------------+
; MIF/HEX Update Messages ;
+-------------------------+
Info: *******************************************************************
Info: Running Quartus Prime MIF/HEX Update
    Info: Version 19.1.0 Build 670 09/22/2019 SJ Lite Edition
    Info: Processing started: Tue Apr 19 21:22:23 2022
Info: Command: quartus_cdb SCOMP -c SCOMP --update_mif
Critical Warning (127005): Memory depth (256) in the design file differs from memory depth (4) in the Memory Initialization File "P:/CodingPrograms/codingprojects/School Projects/ECE 2031/finalProjectLatest/ece2031/SCOMP_Project_spr22/pixeldata.mif" -- setting initial value for remaining addresses to 0
Warning (113031): 143 out of 2048 addresses are reinitialized. The latest initialized data will replace the existing data. There are 143 warnings found, and 10 warnings are reported. File: P:/CodingPrograms/codingprojects/School Projects/ECE 2031/finalProjectLatest/ece2031/SCOMP_Project_spr22/testBase.mif Line: 1
    Warning (113030): Memory Initialization File address 0 is reinitialized File: P:/CodingPrograms/codingprojects/School Projects/ECE 2031/finalProjectLatest/ece2031/SCOMP_Project_spr22/ Line: 13
    Warning (113030): Memory Initialization File address 1 is reinitialized File: P:/CodingPrograms/codingprojects/School Projects/ECE 2031/finalProjectLatest/ece2031/SCOMP_Project_spr22/ Line: 14
    Warning (113030): Memory Initialization File address 2 is reinitialized File: P:/CodingPrograms/codingprojects/School Projects/ECE 2031/finalProjectLatest/ece2031/SCOMP_Project_spr22/ Line: 15
    Warning (113030): Memory Initialization File address 3 is reinitialized File: P:/CodingPrograms/codingprojects/School Projects/ECE 2031/finalProjectLatest/ece2031/SCOMP_Project_spr22/ Line: 16
    Warning (113030): Memory Initialization File address 4 is reinitialized File: P:/CodingPrograms/codingprojects/School Projects/ECE 2031/finalProjectLatest/ece2031/SCOMP_Project_spr22/ Line: 17
    Warning (113030): Memory Initialization File address 5 is reinitialized File: P:/CodingPrograms/codingprojects/School Projects/ECE 2031/finalProjectLatest/ece2031/SCOMP_Project_spr22/ Line: 18
    Warning (113030): Memory Initialization File address 6 is reinitialized File: P:/CodingPrograms/codingprojects/School Projects/ECE 2031/finalProjectLatest/ece2031/SCOMP_Project_spr22/ Line: 19
    Warning (113030): Memory Initialization File address 7 is reinitialized File: P:/CodingPrograms/codingprojects/School Projects/ECE 2031/finalProjectLatest/ece2031/SCOMP_Project_spr22/ Line: 20
    Warning (113030): Memory Initialization File address 8 is reinitialized File: P:/CodingPrograms/codingprojects/School Projects/ECE 2031/finalProjectLatest/ece2031/SCOMP_Project_spr22/ Line: 21
    Warning (113030): Memory Initialization File address 9 is reinitialized File: P:/CodingPrograms/codingprojects/School Projects/ECE 2031/finalProjectLatest/ece2031/SCOMP_Project_spr22/ Line: 22
Info (39024): Processed the following Memory Initialization File(s)
    Info (39025): Processed Memory Initialization File P:/CodingPrograms/codingprojects/School Projects/ECE 2031/finalProjectLatest/ece2031/SCOMP_Project_spr22/pixeldata.mif File: P:/CodingPrograms/codingprojects/School Projects/ECE 2031/finalProjectLatest/ece2031/SCOMP_Project_spr22/pixeldata.mif Line: 0
    Info (39025): Processed Memory Initialization File P:/CodingPrograms/codingprojects/School Projects/ECE 2031/finalProjectLatest/ece2031/SCOMP_Project_spr22/testBase.mif File: P:/CodingPrograms/codingprojects/School Projects/ECE 2031/finalProjectLatest/ece2031/SCOMP_Project_spr22/testBase.mif Line: 0
Info: Quartus Prime MIF/HEX Update was successful. 0 errors, 12 warnings
    Info: Peak virtual memory: 4888 megabytes
    Info: Processing ended: Tue Apr 19 21:22:27 2022
    Info: Elapsed time: 00:00:04
    Info: Total CPU time (on all processors): 00:00:04


